{"total": {"lines":{"total":309,"covered":122,"skipped":0,"pct":39.48},"statements":{"total":362,"covered":151,"skipped":0,"pct":41.71},"functions":{"total":66,"covered":32,"skipped":0,"pct":48.48},"branches":{"total":187,"covered":94,"skipped":0,"pct":50.26},"branchesTrue":{"total":0,"covered":0,"skipped":0,"pct":"Unknown"}}
,"D:\\workspace\\nuxt-poker\\app\\composables\\useAI.ts": {"lines":{"total":42,"covered":42,"skipped":0,"pct":100},"functions":{"total":4,"covered":4,"skipped":0,"pct":100},"statements":{"total":52,"covered":52,"skipped":0,"pct":100},"branches":{"total":36,"covered":36,"skipped":0,"pct":100}}
,"D:\\workspace\\nuxt-poker\\app\\composables\\useGame.ts": {"lines":{"total":170,"covered":0,"skipped":0,"pct":0},"functions":{"total":28,"covered":0,"skipped":0,"pct":0},"statements":{"total":188,"covered":0,"skipped":0,"pct":0},"branches":{"total":81,"covered":0,"skipped":0,"pct":0}}
,"D:\\workspace\\nuxt-poker\\app\\composables\\useItems.ts": {"lines":{"total":17,"covered":0,"skipped":0,"pct":0},"functions":{"total":6,"covered":0,"skipped":0,"pct":0},"statements":{"total":23,"covered":0,"skipped":0,"pct":0},"branches":{"total":12,"covered":0,"skipped":0,"pct":0}}
,"D:\\workspace\\nuxt-poker\\app\\composables\\usePlayer.ts": {"lines":{"total":16,"covered":16,"skipped":0,"pct":100},"functions":{"total":9,"covered":9,"skipped":0,"pct":100},"statements":{"total":20,"covered":20,"skipped":0,"pct":100},"branches":{"total":0,"covered":0,"skipped":0,"pct":100}}
,"D:\\workspace\\nuxt-poker\\app\\composables\\usePoker.ts": {"lines":{"total":64,"covered":64,"skipped":0,"pct":100},"functions":{"total":19,"covered":19,"skipped":0,"pct":100},"statements":{"total":79,"covered":79,"skipped":0,"pct":100},"branches":{"total":58,"covered":58,"skipped":0,"pct":100}}
}
